<?xml version="1.0" encoding="UTF-8"?>
<testng-results ignored="0" total="4" passed="0" failed="4" skipped="0">
  <reporter-output>
    <line>
      <![CDATA[Create driver: chrome]]>
    </line>
    <line>
      <![CDATA[Create driver: firefox]]>
    </line>
    <line>
      <![CDATA[Starting scenario!]]>
    </line>
    <line>
      <![CDATA[Opening page: https://www.amazon.com/]]>
    </line>
    <line>
      <![CDATA[Page opened!]]>
    </line>
    <line>
      <![CDATA[Searching for item: 'hats for men'.]]>
    </line>
    <line>
      <![CDATA[Starting scenario!]]>
    </line>
    <line>
      <![CDATA[Opening page: https://www.amazon.com/]]>
    </line>
    <line>
      <![CDATA[Page opened!]]>
    </line>
    <line>
      <![CDATA[Searching for item: 'hats for men'.]]>
    </line>
    <line>
      <![CDATA[User needs to select a size!]]>
    </line>
    <line>
      <![CDATA[Hat's price is: 11.99€]]>
    </line>
    <line>
      <![CDATA[Size is available AND sold by amazon!]]>
    </line>
    <line>
      <![CDATA[Hat has only one size!]]>
    </line>
    <line>
      <![CDATA[Hat's price is: 19.99€]]>
    </line>
    <line>
      <![CDATA[Hat's price is: 11.99€]]>
    </line>
    <line>
      <![CDATA[Add item(s) to cart!]]>
    </line>
    <line>
      <![CDATA[Add item(s) to cart!]]>
    </line>
    <line>
      <![CDATA[There is a total of : 2 items in the cart.]]>
    </line>
    <line>
      <![CDATA[Total price in cart is : 39.98€]]>
    </line>
    <line>
      <![CDATA[Searching for item: 'hats for women'.]]>
    </line>
    <line>
      <![CDATA[There is a total of : 2 items in the cart.]]>
    </line>
    <line>
      <![CDATA[Total price in cart is : 23.98€]]>
    </line>
    <line>
      <![CDATA[Searching for item: 'hats for women'.]]>
    </line>
    <line>
      <![CDATA[Hat has only one size!]]>
    </line>
    <line>
      <![CDATA[Hat's price is: 11.99€]]>
    </line>
    <line>
      <![CDATA[Hat has only one size!]]>
    </line>
    <line>
      <![CDATA[Hat's price is: 11.99€]]>
    </line>
    <line>
      <![CDATA[Add item(s) to cart!]]>
    </line>
    <line>
      <![CDATA[Add item(s) to cart!]]>
    </line>
    <line>
      <![CDATA[There is a total of : 3 items in the cart.]]>
    </line>
    <line>
      <![CDATA[There is a total of : 3 items in the cart.]]>
    </line>
    <line>
      <![CDATA[Total price in cart is : 35.97€]]>
    </line>
    <line>
      <![CDATA[Total price in cart is : 51.97€]]>
    </line>
    <line>
      <![CDATA[Change item's quantity from 2 to 1.]]>
    </line>
    <line>
      <![CDATA[Change item's quantity from 2 to 1.]]>
    </line>
    <line>
      <![CDATA[Create driver: chrome]]>
    </line>
    <line>
      <![CDATA[Create driver: chrome]]>
    </line>
    <line>
      <![CDATA[Starting test #1]]>
    </line>
    <line>
      <![CDATA[Opening page: https://www.amazon.com/]]>
    </line>
    <line>
      <![CDATA[Starting test #1]]>
    </line>
    <line>
      <![CDATA[Opening page: https://www.amazon.com/]]>
    </line>
    <line>
      <![CDATA[Page opened!]]>
    </line>
    <line>
      <![CDATA[Page opened!]]>
    </line>
    <line>
      <![CDATA[Searching for item: 'hats for men'.]]>
    </line>
    <line>
      <![CDATA[Searching for item: 'hats for men'.]]>
    </line>
    <line>
      <![CDATA[Hat has only one size!]]>
    </line>
    <line>
      <![CDATA[Hat has only one size!]]>
    </line>
    <line>
      <![CDATA[Hat's price is: 19.99€]]>
    </line>
    <line>
      <![CDATA[Hat's price is: 19.99€]]>
    </line>
    <line>
      <![CDATA[Add item(s) to cart!]]>
    </line>
    <line>
      <![CDATA[Add item(s) to cart!]]>
    </line>
    <line>
      <![CDATA[There is a total of : 2 items in the cart.]]>
    </line>
    <line>
      <![CDATA[There is a total of : 2 items in the cart.]]>
    </line>
    <line>
      <![CDATA[Total price in cart is : 39.98€]]>
    </line>
    <line>
      <![CDATA[Total price in cart is : 39.98€]]>
    </line>
    <line>
      <![CDATA[Searching for item: 'hats for women'.]]>
    </line>
    <line>
      <![CDATA[Searching for item: 'hats for women'.]]>
    </line>
    <line>
      <![CDATA[Hat has only one size!]]>
    </line>
    <line>
      <![CDATA[Hat has only one size!]]>
    </line>
    <line>
      <![CDATA[Hat's price is: 11.99€]]>
    </line>
    <line>
      <![CDATA[Hat's price is: 11.99€]]>
    </line>
    <line>
      <![CDATA[Add item(s) to cart!]]>
    </line>
    <line>
      <![CDATA[Add item(s) to cart!]]>
    </line>
    <line>
      <![CDATA[There is a total of : 3 items in the cart.]]>
    </line>
    <line>
      <![CDATA[There is a total of : 3 items in the cart.]]>
    </line>
    <line>
      <![CDATA[Total price in cart is : 51.97€]]>
    </line>
    <line>
      <![CDATA[Total price in cart is : 51.97€]]>
    </line>
    <line>
      <![CDATA[Change item's quantity from 2 to 1.]]>
    </line>
    <line>
      <![CDATA[Change item's quantity from 2 to 1.]]>
    </line>
  </reporter-output>
  <suite started-at="2021-05-05T20:25:47Z" name="WithCsvTestSuite" finished-at="2021-05-05T20:26:23Z" duration-ms="35924">
    <groups>
    </groups>
    <test started-at="2021-05-05T20:25:47Z" name="AutomationExerciseUsingFirefox" finished-at="2021-05-05T20:26:23Z" duration-ms="35549">
      <class name="com.amazon.automationExercice.AutomationExerciceWithCSV">
        <test-method is-config="true" signature="setup(java.lang.reflect.Method, java.lang.String, org.testng.ITestContext)[pri:0, instance:com.amazon.automationExercice.AutomationExerciceWithCSV@343570b7]" started-at="2021-05-05T20:25:47Z" name="setup" finished-at="2021-05-05T20:25:49Z" duration-ms="1422" status="PASS">
          <params>
            <param index="0">
              <value>
                <![CDATA[public void com.amazon.automationExercice.AutomationExerciceWithCSV.scenarioUsingCsv(java.util.Map)]]>
              </value>
            </param>
            <param index="1">
              <value>
                <![CDATA[chrome]]>
              </value>
            </param>
            <param index="2">
              <value>
                <![CDATA[org.testng.TestRunner@e7edb54]]>
              </value>
            </param>
          </params>
          <reporter-output>
            <line>
              <![CDATA[Create driver: chrome]]>
            </line>
          </reporter-output>
        </test-method> <!-- setup -->
        <test-method signature="scenarioUsingCsv(java.util.Map)[pri:0, instance:com.amazon.automationExercice.AutomationExerciceWithCSV@343570b7]" started-at="2021-05-05T20:25:49Z" name="scenarioUsingCsv" data-provider="csvReader" finished-at="2021-05-05T20:26:22Z" duration-ms="33088" status="FAIL">
          <params>
            <param index="0">
              <value>
                <![CDATA[{number=1, secondItem=hats for women, quantity1=2, quantity2=1, firstItem=hats for men}]]>
              </value>
            </param>
          </params>
          <exception class="org.openqa.selenium.TimeoutException">
            <message>
              <![CDATA[Expected condition failed: waiting for element to be clickable: By.xpath: (//input[@value='Delete'])[1] (tried for 5 second(s) with 500 milliseconds interval)]]>
            </message>
            <full-stacktrace>
              <![CDATA[org.openqa.selenium.TimeoutException: Expected condition failed: waiting for element to be clickable: By.xpath: (//input[@value='Delete'])[1] (tried for 5 second(s) with 500 milliseconds interval)
at org.openqa.selenium.support.ui.WebDriverWait.timeoutException(WebDriverWait.java:95)
at org.openqa.selenium.support.ui.FluentWait.until(FluentWait.java:272)
at com.amazon.pages.BasePageObject.waitForElementToBeClickable(BasePageObject.java:84)
at com.amazon.pages.CartPageObject.changeNumberOfItem(CartPageObject.java:70)
at com.amazon.automationExercice.AutomationExerciceWithCSV.scenarioUsingCsv(AutomationExerciceWithCSV.java:88)
at java.base/jdk.internal.reflect.NativeMethodAccessorImpl.invoke0(Native Method)
at java.base/jdk.internal.reflect.NativeMethodAccessorImpl.invoke(NativeMethodAccessorImpl.java:62)
at java.base/jdk.internal.reflect.DelegatingMethodAccessorImpl.invoke(DelegatingMethodAccessorImpl.java:43)
at java.base/java.lang.reflect.Method.invoke(Method.java:566)
at org.testng.internal.MethodInvocationHelper.invokeMethod(MethodInvocationHelper.java:124)
at org.testng.internal.Invoker.invokeMethod(Invoker.java:583)
at org.testng.internal.Invoker.invokeTestMethod(Invoker.java:719)
at org.testng.internal.Invoker.invokeTestMethods(Invoker.java:989)
at org.testng.internal.TestMethodWorker.invokeTestMethods(TestMethodWorker.java:125)
at org.testng.internal.TestMethodWorker.run(TestMethodWorker.java:109)
at org.testng.TestRunner.privateRun(TestRunner.java:648)
at org.testng.TestRunner.run(TestRunner.java:505)
at org.testng.SuiteRunner.runTest(SuiteRunner.java:455)
at org.testng.SuiteRunner.access$000(SuiteRunner.java:40)
at org.testng.SuiteRunner$SuiteWorker.run(SuiteRunner.java:489)
at org.testng.internal.thread.ThreadUtil$1.call(ThreadUtil.java:52)
at java.base/java.util.concurrent.FutureTask.run(FutureTask.java:264)
at java.base/java.util.concurrent.ThreadPoolExecutor.runWorker(ThreadPoolExecutor.java:1128)
at java.base/java.util.concurrent.ThreadPoolExecutor$Worker.run(ThreadPoolExecutor.java:628)
at java.base/java.lang.Thread.run(Thread.java:834)
Caused by: org.openqa.selenium.NoSuchElementException: no such element: Unable to locate element: {"method":"xpath","selector":"(//input[@value='Delete'])[1]"}
  (Session info: chrome=90.0.4430.93)
For documentation on this error, please visit: https://www.seleniumhq.org/exceptions/no_such_element.html
Build info: version: '3.141.59', revision: 'e82be7d358', time: '2018-11-14T08:17:03'
System info: host: 'MSI', ip: '192.168.1.40', os.name: 'Windows 10', os.arch: 'amd64', os.version: '10.0', java.version: '11.0.6'
Driver info: org.openqa.selenium.chrome.ChromeDriver
Capabilities {acceptInsecureCerts: false, browserName: chrome, browserVersion: 90.0.4430.93, chrome: {chromedriverVersion: 90.0.4430.24 (4c6d850f087da..., userDataDir: C:\Users\Nico\AppData\Local...}, goog:chromeOptions: {debuggerAddress: localhost:50519}, javascriptEnabled: true, networkConnectionEnabled: false, pageLoadStrategy: normal, platform: WINDOWS, platformName: WINDOWS, proxy: Proxy(), setWindowRect: true, strictFileInteractability: false, timeouts: {implicit: 0, pageLoad: 300000, script: 30000}, unhandledPromptBehavior: dismiss and notify, webauthn:extension:largeBlob: true, webauthn:virtualAuthenticators: true}
Session ID: a1ff1c60e65a3d6bc5b6e75d1197a9af
*** Element info: {Using=xpath, value=(//input[@value='Delete'])[1]}
at jdk.internal.reflect.GeneratedConstructorAccessor15.newInstance(Unknown Source)
at java.base/jdk.internal.reflect.DelegatingConstructorAccessorImpl.newInstance(DelegatingConstructorAccessorImpl.java:45)
at java.base/java.lang.reflect.Constructor.newInstance(Constructor.java:490)
at org.openqa.selenium.remote.http.W3CHttpResponseCodec.createException(W3CHttpResponseCodec.java:187)
at org.openqa.selenium.remote.http.W3CHttpResponseCodec.decode(W3CHttpResponseCodec.java:122)
at org.openqa.selenium.remote.http.W3CHttpResponseCodec.decode(W3CHttpResponseCodec.java:49)
at org.openqa.selenium.remote.HttpCommandExecutor.execute(HttpCommandExecutor.java:158)
at org.openqa.selenium.remote.service.DriverCommandExecutor.execute(DriverCommandExecutor.java:83)
at org.openqa.selenium.remote.RemoteWebDriver.execute(RemoteWebDriver.java:552)
at org.openqa.selenium.remote.RemoteWebDriver.findElement(RemoteWebDriver.java:323)
at org.openqa.selenium.remote.RemoteWebDriver.findElementByXPath(RemoteWebDriver.java:428)
at org.openqa.selenium.By$ByXPath.findElement(By.java:353)
at org.openqa.selenium.remote.RemoteWebDriver.findElement(RemoteWebDriver.java:315)
at org.openqa.selenium.support.ui.ExpectedConditions$7.apply(ExpectedConditions.java:205)
at org.openqa.selenium.support.ui.ExpectedConditions$7.apply(ExpectedConditions.java:201)
at org.openqa.selenium.support.ui.ExpectedConditions$22.apply(ExpectedConditions.java:641)
at org.openqa.selenium.support.ui.ExpectedConditions$22.apply(ExpectedConditions.java:638)
at org.openqa.selenium.support.ui.FluentWait.until(FluentWait.java:249)
... 23 more
]]>
            </full-stacktrace>
          </exception> <!-- org.openqa.selenium.TimeoutException -->
          <reporter-output>
            <line>
              <![CDATA[Starting test #1]]>
            </line>
            <line>
              <![CDATA[Opening page: https://www.amazon.com/]]>
            </line>
            <line>
              <![CDATA[Page opened!]]>
            </line>
            <line>
              <![CDATA[Searching for item: 'hats for men'.]]>
            </line>
            <line>
              <![CDATA[Hat has only one size!]]>
            </line>
            <line>
              <![CDATA[Hat's price is: 19.99€]]>
            </line>
            <line>
              <![CDATA[Add item(s) to cart!]]>
            </line>
            <line>
              <![CDATA[There is a total of : 2 items in the cart.]]>
            </line>
            <line>
              <![CDATA[Total price in cart is : 39.98€]]>
            </line>
            <line>
              <![CDATA[Searching for item: 'hats for women'.]]>
            </line>
            <line>
              <![CDATA[Hat has only one size!]]>
            </line>
            <line>
              <![CDATA[Hat's price is: 11.99€]]>
            </line>
            <line>
              <![CDATA[Add item(s) to cart!]]>
            </line>
            <line>
              <![CDATA[There is a total of : 3 items in the cart.]]>
            </line>
            <line>
              <![CDATA[Total price in cart is : 51.97€]]>
            </line>
            <line>
              <![CDATA[Change item's quantity from 2 to 1.]]>
            </line>
          </reporter-output>
        </test-method> <!-- scenarioUsingCsv -->
        <test-method is-config="true" signature="takeScreenshot(org.testng.ITestResult)[pri:0, instance:com.amazon.automationExercice.AutomationExerciceWithCSV@343570b7]" started-at="2021-05-05T20:26:22Z" name="takeScreenshot" finished-at="2021-05-05T20:26:22Z" duration-ms="294" status="PASS">
          <params>
            <param index="0">
              <value>
                <![CDATA[[TestResult name=scenarioUsingCsv status=FAILURE method=AutomationExerciceWithCSV.scenarioUsingCsv(java.util.Map)[pri:0, instance:com.amazon.automationExercice.AutomationExerciceWithCSV@343570b7] output=Starting test #1]]]>
              </value>
            </param>
          </params>
          <reporter-output>
          </reporter-output>
        </test-method> <!-- takeScreenshot -->
        <test-method is-config="true" signature="tearDown()[pri:0, instance:com.amazon.automationExercice.AutomationExerciceWithCSV@343570b7]" started-at="2021-05-05T20:26:22Z" name="tearDown" finished-at="2021-05-05T20:26:23Z" duration-ms="726" status="PASS">
          <reporter-output>
          </reporter-output>
        </test-method> <!-- tearDown -->
      </class> <!-- com.amazon.automationExercice.AutomationExerciceWithCSV -->
    </test> <!-- AutomationExerciseUsingFirefox -->
    <test started-at="2021-05-05T20:25:47Z" name="AutomationExerciseUsingChrome" finished-at="2021-05-05T20:26:23Z" duration-ms="35924">
      <class name="com.amazon.automationExercice.AutomationExerciceWithCSV">
        <test-method is-config="true" signature="setup(java.lang.reflect.Method, java.lang.String, org.testng.ITestContext)[pri:0, instance:com.amazon.automationExercice.AutomationExerciceWithCSV@1d8bd0de]" started-at="2021-05-05T20:25:47Z" name="setup" finished-at="2021-05-05T20:25:49Z" duration-ms="1439" status="PASS">
          <params>
            <param index="0">
              <value>
                <![CDATA[public void com.amazon.automationExercice.AutomationExerciceWithCSV.scenarioUsingCsv(java.util.Map)]]>
              </value>
            </param>
            <param index="1">
              <value>
                <![CDATA[chrome]]>
              </value>
            </param>
            <param index="2">
              <value>
                <![CDATA[org.testng.TestRunner@11bd0f3b]]>
              </value>
            </param>
          </params>
          <reporter-output>
            <line>
              <![CDATA[Create driver: chrome]]>
            </line>
          </reporter-output>
        </test-method> <!-- setup -->
        <test-method signature="scenarioUsingCsv(java.util.Map)[pri:0, instance:com.amazon.automationExercice.AutomationExerciceWithCSV@1d8bd0de]" started-at="2021-05-05T20:25:49Z" name="scenarioUsingCsv" data-provider="csvReader" finished-at="2021-05-05T20:26:22Z" duration-ms="33450" status="FAIL">
          <params>
            <param index="0">
              <value>
                <![CDATA[{number=1, secondItem=hats for women, quantity1=2, quantity2=1, firstItem=hats for men}]]>
              </value>
            </param>
          </params>
          <exception class="org.openqa.selenium.TimeoutException">
            <message>
              <![CDATA[Expected condition failed: waiting for element to be clickable: By.xpath: (//input[@value='Delete'])[1] (tried for 5 second(s) with 500 milliseconds interval)]]>
            </message>
            <full-stacktrace>
              <![CDATA[org.openqa.selenium.TimeoutException: Expected condition failed: waiting for element to be clickable: By.xpath: (//input[@value='Delete'])[1] (tried for 5 second(s) with 500 milliseconds interval)
at org.openqa.selenium.support.ui.WebDriverWait.timeoutException(WebDriverWait.java:95)
at org.openqa.selenium.support.ui.FluentWait.until(FluentWait.java:272)
at com.amazon.pages.BasePageObject.waitForElementToBeClickable(BasePageObject.java:84)
at com.amazon.pages.CartPageObject.changeNumberOfItem(CartPageObject.java:70)
at com.amazon.automationExercice.AutomationExerciceWithCSV.scenarioUsingCsv(AutomationExerciceWithCSV.java:88)
at java.base/jdk.internal.reflect.NativeMethodAccessorImpl.invoke0(Native Method)
at java.base/jdk.internal.reflect.NativeMethodAccessorImpl.invoke(NativeMethodAccessorImpl.java:62)
at java.base/jdk.internal.reflect.DelegatingMethodAccessorImpl.invoke(DelegatingMethodAccessorImpl.java:43)
at java.base/java.lang.reflect.Method.invoke(Method.java:566)
at org.testng.internal.MethodInvocationHelper.invokeMethod(MethodInvocationHelper.java:124)
at org.testng.internal.Invoker.invokeMethod(Invoker.java:583)
at org.testng.internal.Invoker.invokeTestMethod(Invoker.java:719)
at org.testng.internal.Invoker.invokeTestMethods(Invoker.java:989)
at org.testng.internal.TestMethodWorker.invokeTestMethods(TestMethodWorker.java:125)
at org.testng.internal.TestMethodWorker.run(TestMethodWorker.java:109)
at org.testng.TestRunner.privateRun(TestRunner.java:648)
at org.testng.TestRunner.run(TestRunner.java:505)
at org.testng.SuiteRunner.runTest(SuiteRunner.java:455)
at org.testng.SuiteRunner.access$000(SuiteRunner.java:40)
at org.testng.SuiteRunner$SuiteWorker.run(SuiteRunner.java:489)
at org.testng.internal.thread.ThreadUtil$1.call(ThreadUtil.java:52)
at java.base/java.util.concurrent.FutureTask.run(FutureTask.java:264)
at java.base/java.util.concurrent.ThreadPoolExecutor.runWorker(ThreadPoolExecutor.java:1128)
at java.base/java.util.concurrent.ThreadPoolExecutor$Worker.run(ThreadPoolExecutor.java:628)
at java.base/java.lang.Thread.run(Thread.java:834)
Caused by: org.openqa.selenium.NoSuchElementException: no such element: Unable to locate element: {"method":"xpath","selector":"(//input[@value='Delete'])[1]"}
  (Session info: chrome=90.0.4430.93)
For documentation on this error, please visit: https://www.seleniumhq.org/exceptions/no_such_element.html
Build info: version: '3.141.59', revision: 'e82be7d358', time: '2018-11-14T08:17:03'
System info: host: 'MSI', ip: '192.168.1.40', os.name: 'Windows 10', os.arch: 'amd64', os.version: '10.0', java.version: '11.0.6'
Driver info: org.openqa.selenium.chrome.ChromeDriver
Capabilities {acceptInsecureCerts: false, browserName: chrome, browserVersion: 90.0.4430.93, chrome: {chromedriverVersion: 90.0.4430.24 (4c6d850f087da..., userDataDir: C:\Users\Nico\AppData\Local...}, goog:chromeOptions: {debuggerAddress: localhost:50518}, javascriptEnabled: true, networkConnectionEnabled: false, pageLoadStrategy: normal, platform: WINDOWS, platformName: WINDOWS, proxy: Proxy(), setWindowRect: true, strictFileInteractability: false, timeouts: {implicit: 0, pageLoad: 300000, script: 30000}, unhandledPromptBehavior: dismiss and notify, webauthn:extension:largeBlob: true, webauthn:virtualAuthenticators: true}
Session ID: a620c9f1924f8c4d6eb881f03c2b2717
*** Element info: {Using=xpath, value=(//input[@value='Delete'])[1]}
at jdk.internal.reflect.GeneratedConstructorAccessor15.newInstance(Unknown Source)
at java.base/jdk.internal.reflect.DelegatingConstructorAccessorImpl.newInstance(DelegatingConstructorAccessorImpl.java:45)
at java.base/java.lang.reflect.Constructor.newInstance(Constructor.java:490)
at org.openqa.selenium.remote.http.W3CHttpResponseCodec.createException(W3CHttpResponseCodec.java:187)
at org.openqa.selenium.remote.http.W3CHttpResponseCodec.decode(W3CHttpResponseCodec.java:122)
at org.openqa.selenium.remote.http.W3CHttpResponseCodec.decode(W3CHttpResponseCodec.java:49)
at org.openqa.selenium.remote.HttpCommandExecutor.execute(HttpCommandExecutor.java:158)
at org.openqa.selenium.remote.service.DriverCommandExecutor.execute(DriverCommandExecutor.java:83)
at org.openqa.selenium.remote.RemoteWebDriver.execute(RemoteWebDriver.java:552)
at org.openqa.selenium.remote.RemoteWebDriver.findElement(RemoteWebDriver.java:323)
at org.openqa.selenium.remote.RemoteWebDriver.findElementByXPath(RemoteWebDriver.java:428)
at org.openqa.selenium.By$ByXPath.findElement(By.java:353)
at org.openqa.selenium.remote.RemoteWebDriver.findElement(RemoteWebDriver.java:315)
at org.openqa.selenium.support.ui.ExpectedConditions$7.apply(ExpectedConditions.java:205)
at org.openqa.selenium.support.ui.ExpectedConditions$7.apply(ExpectedConditions.java:201)
at org.openqa.selenium.support.ui.ExpectedConditions$22.apply(ExpectedConditions.java:641)
at org.openqa.selenium.support.ui.ExpectedConditions$22.apply(ExpectedConditions.java:638)
at org.openqa.selenium.support.ui.FluentWait.until(FluentWait.java:249)
... 23 more
]]>
            </full-stacktrace>
          </exception> <!-- org.openqa.selenium.TimeoutException -->
          <reporter-output>
            <line>
              <![CDATA[Starting test #1]]>
            </line>
            <line>
              <![CDATA[Opening page: https://www.amazon.com/]]>
            </line>
            <line>
              <![CDATA[Page opened!]]>
            </line>
            <line>
              <![CDATA[Searching for item: 'hats for men'.]]>
            </line>
            <line>
              <![CDATA[Hat has only one size!]]>
            </line>
            <line>
              <![CDATA[Hat's price is: 19.99€]]>
            </line>
            <line>
              <![CDATA[Add item(s) to cart!]]>
            </line>
            <line>
              <![CDATA[There is a total of : 2 items in the cart.]]>
            </line>
            <line>
              <![CDATA[Total price in cart is : 39.98€]]>
            </line>
            <line>
              <![CDATA[Searching for item: 'hats for women'.]]>
            </line>
            <line>
              <![CDATA[Hat has only one size!]]>
            </line>
            <line>
              <![CDATA[Hat's price is: 11.99€]]>
            </line>
            <line>
              <![CDATA[Add item(s) to cart!]]>
            </line>
            <line>
              <![CDATA[There is a total of : 3 items in the cart.]]>
            </line>
            <line>
              <![CDATA[Total price in cart is : 51.97€]]>
            </line>
            <line>
              <![CDATA[Change item's quantity from 2 to 1.]]>
            </line>
          </reporter-output>
        </test-method> <!-- scenarioUsingCsv -->
        <test-method is-config="true" signature="takeScreenshot(org.testng.ITestResult)[pri:0, instance:com.amazon.automationExercice.AutomationExerciceWithCSV@1d8bd0de]" started-at="2021-05-05T20:26:22Z" name="takeScreenshot" finished-at="2021-05-05T20:26:23Z" duration-ms="311" status="PASS">
          <params>
            <param index="0">
              <value>
                <![CDATA[[TestResult name=scenarioUsingCsv status=FAILURE method=AutomationExerciceWithCSV.scenarioUsingCsv(java.util.Map)[pri:0, instance:com.amazon.automationExercice.AutomationExerciceWithCSV@1d8bd0de] output=Starting test #1]]]>
              </value>
            </param>
          </params>
          <reporter-output>
          </reporter-output>
        </test-method> <!-- takeScreenshot -->
        <test-method is-config="true" signature="tearDown()[pri:0, instance:com.amazon.automationExercice.AutomationExerciceWithCSV@1d8bd0de]" started-at="2021-05-05T20:26:23Z" name="tearDown" finished-at="2021-05-05T20:26:23Z" duration-ms="703" status="PASS">
          <reporter-output>
          </reporter-output>
        </test-method> <!-- tearDown -->
      </class> <!-- com.amazon.automationExercice.AutomationExerciceWithCSV -->
    </test> <!-- AutomationExerciseUsingChrome -->
  </suite> <!-- WithCsvTestSuite -->
  <suite started-at="2021-05-05T20:25:07Z" name="AutomationExerciseTestSuite" finished-at="2021-05-05T20:25:47Z" duration-ms="40637">
    <groups>
    </groups>
    <test started-at="2021-05-05T20:25:07Z" name="AutomationExerciseUsingFirefox" finished-at="2021-05-05T20:25:47Z" duration-ms="40343">
      <class name="com.amazon.automationExercice.AutomationExercise">
        <test-method is-config="true" signature="setup(java.lang.reflect.Method, java.lang.String, org.testng.ITestContext)[pri:0, instance:com.amazon.automationExercice.AutomationExercise@55740540]" started-at="2021-05-05T20:25:07Z" name="setup" finished-at="2021-05-05T20:25:13Z" duration-ms="5377" status="PASS">
          <params>
            <param index="0">
              <value>
                <![CDATA[public void com.amazon.automationExercice.AutomationExercise.scenarioUsingParameters(java.lang.String,int,java.lang.String,int,int)]]>
              </value>
            </param>
            <param index="1">
              <value>
                <![CDATA[firefox]]>
              </value>
            </param>
            <param index="2">
              <value>
                <![CDATA[org.testng.TestRunner@c333c60]]>
              </value>
            </param>
          </params>
          <reporter-output>
            <line>
              <![CDATA[Create driver: firefox]]>
            </line>
          </reporter-output>
        </test-method> <!-- setup -->
        <test-method signature="scenarioUsingParameters(java.lang.String, int, java.lang.String, int, int)[pri:0, instance:com.amazon.automationExercice.AutomationExercise@55740540]" started-at="2021-05-05T20:25:13Z" name="scenarioUsingParameters" finished-at="2021-05-05T20:25:46Z" duration-ms="32845" status="FAIL">
          <params>
            <param index="0">
              <value>
                <![CDATA[hats for men]]>
              </value>
            </param>
            <param index="1">
              <value>
                <![CDATA[2]]>
              </value>
            </param>
            <param index="2">
              <value>
                <![CDATA[hats for women]]>
              </value>
            </param>
            <param index="3">
              <value>
                <![CDATA[1]]>
              </value>
            </param>
            <param index="4">
              <value>
                <![CDATA[1]]>
              </value>
            </param>
          </params>
          <exception class="org.openqa.selenium.TimeoutException">
            <message>
              <![CDATA[Expected condition failed: waiting for element to be clickable: By.xpath: (//input[@value='Delete'])[1] (tried for 5 second(s) with 500 milliseconds interval)]]>
            </message>
            <full-stacktrace>
              <![CDATA[org.openqa.selenium.TimeoutException: Expected condition failed: waiting for element to be clickable: By.xpath: (//input[@value='Delete'])[1] (tried for 5 second(s) with 500 milliseconds interval)
at org.openqa.selenium.support.ui.WebDriverWait.timeoutException(WebDriverWait.java:95)
at org.openqa.selenium.support.ui.FluentWait.until(FluentWait.java:272)
at com.amazon.pages.BasePageObject.waitForElementToBeClickable(BasePageObject.java:84)
at com.amazon.pages.CartPageObject.changeNumberOfItem(CartPageObject.java:70)
at com.amazon.automationExercice.AutomationExercise.scenarioUsingParameters(AutomationExercise.java:81)
at java.base/jdk.internal.reflect.NativeMethodAccessorImpl.invoke0(Native Method)
at java.base/jdk.internal.reflect.NativeMethodAccessorImpl.invoke(NativeMethodAccessorImpl.java:62)
at java.base/jdk.internal.reflect.DelegatingMethodAccessorImpl.invoke(DelegatingMethodAccessorImpl.java:43)
at java.base/java.lang.reflect.Method.invoke(Method.java:566)
at org.testng.internal.MethodInvocationHelper.invokeMethod(MethodInvocationHelper.java:124)
at org.testng.internal.Invoker.invokeMethod(Invoker.java:583)
at org.testng.internal.Invoker.invokeTestMethod(Invoker.java:719)
at org.testng.internal.Invoker.invokeTestMethods(Invoker.java:989)
at org.testng.internal.TestMethodWorker.invokeTestMethods(TestMethodWorker.java:125)
at org.testng.internal.TestMethodWorker.run(TestMethodWorker.java:109)
at org.testng.TestRunner.privateRun(TestRunner.java:648)
at org.testng.TestRunner.run(TestRunner.java:505)
at org.testng.SuiteRunner.runTest(SuiteRunner.java:455)
at org.testng.SuiteRunner.access$000(SuiteRunner.java:40)
at org.testng.SuiteRunner$SuiteWorker.run(SuiteRunner.java:489)
at org.testng.internal.thread.ThreadUtil$1.call(ThreadUtil.java:52)
at java.base/java.util.concurrent.FutureTask.run(FutureTask.java:264)
at java.base/java.util.concurrent.ThreadPoolExecutor.runWorker(ThreadPoolExecutor.java:1128)
at java.base/java.util.concurrent.ThreadPoolExecutor$Worker.run(ThreadPoolExecutor.java:628)
at java.base/java.lang.Thread.run(Thread.java:834)
Caused by: org.openqa.selenium.NoSuchElementException: Unable to locate element: (//input[@value='Delete'])[1]
For documentation on this error, please visit: https://www.seleniumhq.org/exceptions/no_such_element.html
Build info: version: '3.141.59', revision: 'e82be7d358', time: '2018-11-14T08:17:03'
System info: host: 'MSI', ip: '192.168.1.40', os.name: 'Windows 10', os.arch: 'amd64', os.version: '10.0', java.version: '11.0.6'
Driver info: org.openqa.selenium.firefox.FirefoxDriver
Capabilities {acceptInsecureCerts: true, browserName: firefox, browserVersion: 87.0, javascriptEnabled: true, moz:accessibilityChecks: false, moz:buildID: 20210318103112, moz:geckodriverVersion: 0.29.0, moz:headless: false, moz:processID: 17004, moz:profile: C:\Users\Nico\AppData\Local..., moz:shutdownTimeout: 60000, moz:useNonSpecCompliantPointerOrigin: false, moz:webdriverClick: true, pageLoadStrategy: normal, platform: WINDOWS, platformName: WINDOWS, platformVersion: 10.0, rotatable: false, setWindowRect: true, strictFileInteractability: false, timeouts: {implicit: 0, pageLoad: 300000, script: 30000}, unhandledPromptBehavior: dismiss and notify}
Session ID: bffb7d6c-3cd5-43c2-8bb1-6a83f371358b
*** Element info: {Using=xpath, value=(//input[@value='Delete'])[1]}
at jdk.internal.reflect.GeneratedConstructorAccessor15.newInstance(Unknown Source)
at java.base/jdk.internal.reflect.DelegatingConstructorAccessorImpl.newInstance(DelegatingConstructorAccessorImpl.java:45)
at java.base/java.lang.reflect.Constructor.newInstance(Constructor.java:490)
at org.openqa.selenium.remote.http.W3CHttpResponseCodec.createException(W3CHttpResponseCodec.java:187)
at org.openqa.selenium.remote.http.W3CHttpResponseCodec.decode(W3CHttpResponseCodec.java:122)
at org.openqa.selenium.remote.http.W3CHttpResponseCodec.decode(W3CHttpResponseCodec.java:49)
at org.openqa.selenium.remote.HttpCommandExecutor.execute(HttpCommandExecutor.java:158)
at org.openqa.selenium.remote.service.DriverCommandExecutor.execute(DriverCommandExecutor.java:83)
at org.openqa.selenium.remote.RemoteWebDriver.execute(RemoteWebDriver.java:552)
at org.openqa.selenium.remote.RemoteWebDriver.findElement(RemoteWebDriver.java:323)
at org.openqa.selenium.remote.RemoteWebDriver.findElementByXPath(RemoteWebDriver.java:428)
at org.openqa.selenium.By$ByXPath.findElement(By.java:353)
at org.openqa.selenium.remote.RemoteWebDriver.findElement(RemoteWebDriver.java:315)
at org.openqa.selenium.support.ui.ExpectedConditions$7.apply(ExpectedConditions.java:205)
at org.openqa.selenium.support.ui.ExpectedConditions$7.apply(ExpectedConditions.java:201)
at org.openqa.selenium.support.ui.ExpectedConditions$22.apply(ExpectedConditions.java:641)
at org.openqa.selenium.support.ui.ExpectedConditions$22.apply(ExpectedConditions.java:638)
at org.openqa.selenium.support.ui.FluentWait.until(FluentWait.java:249)
... 23 more
]]>
            </full-stacktrace>
          </exception> <!-- org.openqa.selenium.TimeoutException -->
          <reporter-output>
            <line>
              <![CDATA[Starting scenario!]]>
            </line>
            <line>
              <![CDATA[Opening page: https://www.amazon.com/]]>
            </line>
            <line>
              <![CDATA[Page opened!]]>
            </line>
            <line>
              <![CDATA[Searching for item: 'hats for men'.]]>
            </line>
            <line>
              <![CDATA[Hat has only one size!]]>
            </line>
            <line>
              <![CDATA[Hat's price is: 19.99€]]>
            </line>
            <line>
              <![CDATA[Add item(s) to cart!]]>
            </line>
            <line>
              <![CDATA[There is a total of : 2 items in the cart.]]>
            </line>
            <line>
              <![CDATA[Total price in cart is : 39.98€]]>
            </line>
            <line>
              <![CDATA[Searching for item: 'hats for women'.]]>
            </line>
            <line>
              <![CDATA[Hat has only one size!]]>
            </line>
            <line>
              <![CDATA[Hat's price is: 11.99€]]>
            </line>
            <line>
              <![CDATA[Add item(s) to cart!]]>
            </line>
            <line>
              <![CDATA[There is a total of : 3 items in the cart.]]>
            </line>
            <line>
              <![CDATA[Total price in cart is : 51.97€]]>
            </line>
            <line>
              <![CDATA[Change item's quantity from 2 to 1.]]>
            </line>
          </reporter-output>
        </test-method> <!-- scenarioUsingParameters -->
        <test-method is-config="true" signature="takeScreenshot(org.testng.ITestResult)[pri:0, instance:com.amazon.automationExercice.AutomationExercise@55740540]" started-at="2021-05-05T20:25:46Z" name="takeScreenshot" finished-at="2021-05-05T20:25:46Z" duration-ms="194" status="PASS">
          <params>
            <param index="0">
              <value>
                <![CDATA[[TestResult name=scenarioUsingParameters status=FAILURE method=AutomationExercise.scenarioUsingParameters(java.lang.String, int, java.lang.String, int, int)[pri:0, instance:com.amazon.automationExercice.AutomationExercise@55740540] output=Starting scenario!]]]>
              </value>
            </param>
          </params>
          <reporter-output>
          </reporter-output>
        </test-method> <!-- takeScreenshot -->
        <test-method is-config="true" signature="tearDown()[pri:0, instance:com.amazon.automationExercice.AutomationExercise@55740540]" started-at="2021-05-05T20:25:46Z" name="tearDown" finished-at="2021-05-05T20:25:47Z" duration-ms="1347" status="PASS">
          <reporter-output>
          </reporter-output>
        </test-method> <!-- tearDown -->
      </class> <!-- com.amazon.automationExercice.AutomationExercise -->
    </test> <!-- AutomationExerciseUsingFirefox -->
    <test started-at="2021-05-05T20:25:07Z" name="AutomationExerciseUsingChrome" finished-at="2021-05-05T20:25:47Z" duration-ms="40637">
      <class name="com.amazon.automationExercice.AutomationExercise">
        <test-method is-config="true" signature="setup(java.lang.reflect.Method, java.lang.String, org.testng.ITestContext)[pri:0, instance:com.amazon.automationExercice.AutomationExercise@63070bab]" started-at="2021-05-05T20:25:07Z" name="setup" finished-at="2021-05-05T20:25:09Z" duration-ms="1823" status="PASS">
          <params>
            <param index="0">
              <value>
                <![CDATA[public void com.amazon.automationExercice.AutomationExercise.scenarioUsingParameters(java.lang.String,int,java.lang.String,int,int)]]>
              </value>
            </param>
            <param index="1">
              <value>
                <![CDATA[chrome]]>
              </value>
            </param>
            <param index="2">
              <value>
                <![CDATA[org.testng.TestRunner@79da8dc5]]>
              </value>
            </param>
          </params>
          <reporter-output>
            <line>
              <![CDATA[Create driver: chrome]]>
            </line>
          </reporter-output>
        </test-method> <!-- setup -->
        <test-method signature="scenarioUsingParameters(java.lang.String, int, java.lang.String, int, int)[pri:0, instance:com.amazon.automationExercice.AutomationExercise@63070bab]" started-at="2021-05-05T20:25:09Z" name="scenarioUsingParameters" finished-at="2021-05-05T20:25:46Z" duration-ms="37502" status="FAIL">
          <params>
            <param index="0">
              <value>
                <![CDATA[hats for men]]>
              </value>
            </param>
            <param index="1">
              <value>
                <![CDATA[2]]>
              </value>
            </param>
            <param index="2">
              <value>
                <![CDATA[hats for women]]>
              </value>
            </param>
            <param index="3">
              <value>
                <![CDATA[1]]>
              </value>
            </param>
            <param index="4">
              <value>
                <![CDATA[1]]>
              </value>
            </param>
          </params>
          <exception class="org.openqa.selenium.TimeoutException">
            <message>
              <![CDATA[Expected condition failed: waiting for element to be clickable: By.xpath: (//input[@value='Delete'])[1] (tried for 5 second(s) with 500 milliseconds interval)]]>
            </message>
            <full-stacktrace>
              <![CDATA[org.openqa.selenium.TimeoutException: Expected condition failed: waiting for element to be clickable: By.xpath: (//input[@value='Delete'])[1] (tried for 5 second(s) with 500 milliseconds interval)
at org.openqa.selenium.support.ui.WebDriverWait.timeoutException(WebDriverWait.java:95)
at org.openqa.selenium.support.ui.FluentWait.until(FluentWait.java:272)
at com.amazon.pages.BasePageObject.waitForElementToBeClickable(BasePageObject.java:84)
at com.amazon.pages.CartPageObject.changeNumberOfItem(CartPageObject.java:70)
at com.amazon.automationExercice.AutomationExercise.scenarioUsingParameters(AutomationExercise.java:81)
at java.base/jdk.internal.reflect.NativeMethodAccessorImpl.invoke0(Native Method)
at java.base/jdk.internal.reflect.NativeMethodAccessorImpl.invoke(NativeMethodAccessorImpl.java:62)
at java.base/jdk.internal.reflect.DelegatingMethodAccessorImpl.invoke(DelegatingMethodAccessorImpl.java:43)
at java.base/java.lang.reflect.Method.invoke(Method.java:566)
at org.testng.internal.MethodInvocationHelper.invokeMethod(MethodInvocationHelper.java:124)
at org.testng.internal.Invoker.invokeMethod(Invoker.java:583)
at org.testng.internal.Invoker.invokeTestMethod(Invoker.java:719)
at org.testng.internal.Invoker.invokeTestMethods(Invoker.java:989)
at org.testng.internal.TestMethodWorker.invokeTestMethods(TestMethodWorker.java:125)
at org.testng.internal.TestMethodWorker.run(TestMethodWorker.java:109)
at org.testng.TestRunner.privateRun(TestRunner.java:648)
at org.testng.TestRunner.run(TestRunner.java:505)
at org.testng.SuiteRunner.runTest(SuiteRunner.java:455)
at org.testng.SuiteRunner.access$000(SuiteRunner.java:40)
at org.testng.SuiteRunner$SuiteWorker.run(SuiteRunner.java:489)
at org.testng.internal.thread.ThreadUtil$1.call(ThreadUtil.java:52)
at java.base/java.util.concurrent.FutureTask.run(FutureTask.java:264)
at java.base/java.util.concurrent.ThreadPoolExecutor.runWorker(ThreadPoolExecutor.java:1128)
at java.base/java.util.concurrent.ThreadPoolExecutor$Worker.run(ThreadPoolExecutor.java:628)
at java.base/java.lang.Thread.run(Thread.java:834)
Caused by: org.openqa.selenium.NoSuchElementException: no such element: Unable to locate element: {"method":"xpath","selector":"(//input[@value='Delete'])[1]"}
  (Session info: chrome=90.0.4430.93)
For documentation on this error, please visit: https://www.seleniumhq.org/exceptions/no_such_element.html
Build info: version: '3.141.59', revision: 'e82be7d358', time: '2018-11-14T08:17:03'
System info: host: 'MSI', ip: '192.168.1.40', os.name: 'Windows 10', os.arch: 'amd64', os.version: '10.0', java.version: '11.0.6'
Driver info: org.openqa.selenium.chrome.ChromeDriver
Capabilities {acceptInsecureCerts: false, browserName: chrome, browserVersion: 90.0.4430.93, chrome: {chromedriverVersion: 90.0.4430.24 (4c6d850f087da..., userDataDir: C:\Users\Nico\AppData\Local...}, goog:chromeOptions: {debuggerAddress: localhost:50236}, javascriptEnabled: true, networkConnectionEnabled: false, pageLoadStrategy: normal, platform: WINDOWS, platformName: WINDOWS, proxy: Proxy(), setWindowRect: true, strictFileInteractability: false, timeouts: {implicit: 0, pageLoad: 300000, script: 30000}, unhandledPromptBehavior: dismiss and notify, webauthn:extension:largeBlob: true, webauthn:virtualAuthenticators: true}
Session ID: 47adb1d381c137acd2023a36682cdb28
*** Element info: {Using=xpath, value=(//input[@value='Delete'])[1]}
at jdk.internal.reflect.GeneratedConstructorAccessor15.newInstance(Unknown Source)
at java.base/jdk.internal.reflect.DelegatingConstructorAccessorImpl.newInstance(DelegatingConstructorAccessorImpl.java:45)
at java.base/java.lang.reflect.Constructor.newInstance(Constructor.java:490)
at org.openqa.selenium.remote.http.W3CHttpResponseCodec.createException(W3CHttpResponseCodec.java:187)
at org.openqa.selenium.remote.http.W3CHttpResponseCodec.decode(W3CHttpResponseCodec.java:122)
at org.openqa.selenium.remote.http.W3CHttpResponseCodec.decode(W3CHttpResponseCodec.java:49)
at org.openqa.selenium.remote.HttpCommandExecutor.execute(HttpCommandExecutor.java:158)
at org.openqa.selenium.remote.service.DriverCommandExecutor.execute(DriverCommandExecutor.java:83)
at org.openqa.selenium.remote.RemoteWebDriver.execute(RemoteWebDriver.java:552)
at org.openqa.selenium.remote.RemoteWebDriver.findElement(RemoteWebDriver.java:323)
at org.openqa.selenium.remote.RemoteWebDriver.findElementByXPath(RemoteWebDriver.java:428)
at org.openqa.selenium.By$ByXPath.findElement(By.java:353)
at org.openqa.selenium.remote.RemoteWebDriver.findElement(RemoteWebDriver.java:315)
at org.openqa.selenium.support.ui.ExpectedConditions$7.apply(ExpectedConditions.java:205)
at org.openqa.selenium.support.ui.ExpectedConditions$7.apply(ExpectedConditions.java:201)
at org.openqa.selenium.support.ui.ExpectedConditions$22.apply(ExpectedConditions.java:641)
at org.openqa.selenium.support.ui.ExpectedConditions$22.apply(ExpectedConditions.java:638)
at org.openqa.selenium.support.ui.FluentWait.until(FluentWait.java:249)
... 23 more
]]>
            </full-stacktrace>
          </exception> <!-- org.openqa.selenium.TimeoutException -->
          <reporter-output>
            <line>
              <![CDATA[Starting scenario!]]>
            </line>
            <line>
              <![CDATA[Opening page: https://www.amazon.com/]]>
            </line>
            <line>
              <![CDATA[Page opened!]]>
            </line>
            <line>
              <![CDATA[Searching for item: 'hats for men'.]]>
            </line>
            <line>
              <![CDATA[User needs to select a size!]]>
            </line>
            <line>
              <![CDATA[Hat's price is: 11.99€]]>
            </line>
            <line>
              <![CDATA[Size is available AND sold by amazon!]]>
            </line>
            <line>
              <![CDATA[Hat's price is: 11.99€]]>
            </line>
            <line>
              <![CDATA[Add item(s) to cart!]]>
            </line>
            <line>
              <![CDATA[There is a total of : 2 items in the cart.]]>
            </line>
            <line>
              <![CDATA[Total price in cart is : 23.98€]]>
            </line>
            <line>
              <![CDATA[Searching for item: 'hats for women'.]]>
            </line>
            <line>
              <![CDATA[Hat has only one size!]]>
            </line>
            <line>
              <![CDATA[Hat's price is: 11.99€]]>
            </line>
            <line>
              <![CDATA[Add item(s) to cart!]]>
            </line>
            <line>
              <![CDATA[There is a total of : 3 items in the cart.]]>
            </line>
            <line>
              <![CDATA[Total price in cart is : 35.97€]]>
            </line>
            <line>
              <![CDATA[Change item's quantity from 2 to 1.]]>
            </line>
          </reporter-output>
        </test-method> <!-- scenarioUsingParameters -->
        <test-method is-config="true" signature="takeScreenshot(org.testng.ITestResult)[pri:0, instance:com.amazon.automationExercice.AutomationExercise@63070bab]" started-at="2021-05-05T20:25:46Z" name="takeScreenshot" finished-at="2021-05-05T20:25:47Z" duration-ms="233" status="PASS">
          <params>
            <param index="0">
              <value>
                <![CDATA[[TestResult name=scenarioUsingParameters status=FAILURE method=AutomationExercise.scenarioUsingParameters(java.lang.String, int, java.lang.String, int, int)[pri:0, instance:com.amazon.automationExercice.AutomationExercise@63070bab] output=Starting scenario!]]]>
              </value>
            </param>
          </params>
          <reporter-output>
          </reporter-output>
        </test-method> <!-- takeScreenshot -->
        <test-method is-config="true" signature="tearDown()[pri:0, instance:com.amazon.automationExercice.AutomationExercise@63070bab]" started-at="2021-05-05T20:25:47Z" name="tearDown" finished-at="2021-05-05T20:25:47Z" duration-ms="727" status="PASS">
          <reporter-output>
          </reporter-output>
        </test-method> <!-- tearDown -->
      </class> <!-- com.amazon.automationExercice.AutomationExercise -->
    </test> <!-- AutomationExerciseUsingChrome -->
  </suite> <!-- AutomationExerciseTestSuite -->
  <suite started-at="2021-05-05T20:26:23Z" name="MultipleSuite" finished-at="2021-05-05T20:26:23Z" duration-ms="0">
    <groups>
    </groups>
  </suite> <!-- MultipleSuite -->
</testng-results>
