<?xml version="1.0" encoding="UTF-8"?>
<testng-results ignored="0" total="2" passed="2" failed="0" skipped="0">
  <reporter-output>
    <line>
      <![CDATA[Create driver: chrome]]>
    </line>
    <line>
      <![CDATA[Create driver: chrome]]>
    </line>
    <line>
      <![CDATA[Starting test #1]]>
    </line>
    <line>
      <![CDATA[Starting test #1]]>
    </line>
    <line>
      <![CDATA[Opening page: https://www.amazon.com/]]>
    </line>
    <line>
      <![CDATA[Opening page: https://www.amazon.com/]]>
    </line>
    <line>
      <![CDATA[Page opened!]]>
    </line>
    <line>
      <![CDATA[Page opened!]]>
    </line>
    <line>
      <![CDATA[Searching for item: 'hats for men'.]]>
    </line>
    <line>
      <![CDATA[Searching for item: 'hats for men'.]]>
    </line>
    <line>
      <![CDATA[Hat has only one size!]]>
    </line>
    <line>
      <![CDATA[Hat's price is: 12.95€]]>
    </line>
    <line>
      <![CDATA[Hat has only one size!]]>
    </line>
    <line>
      <![CDATA[Hat's price is: 11.99€]]>
    </line>
    <line>
      <![CDATA[Add item(s) to cart!]]>
    </line>
    <line>
      <![CDATA[Add item(s) to cart!]]>
    </line>
    <line>
      <![CDATA[There is a total of : 2 items in the cart.]]>
    </line>
    <line>
      <![CDATA[Total price in cart is : 25.90€]]>
    </line>
    <line>
      <![CDATA[Searching for item: 'hats for women'.]]>
    </line>
    <line>
      <![CDATA[There is a total of : 2 items in the cart.]]>
    </line>
    <line>
      <![CDATA[Total price in cart is : 23.98€]]>
    </line>
    <line>
      <![CDATA[Searching for item: 'hats for women'.]]>
    </line>
    <line>
      <![CDATA[Hat has only one size!]]>
    </line>
    <line>
      <![CDATA[Hat's price is: 11.99€]]>
    </line>
    <line>
      <![CDATA[Hat has only one size!]]>
    </line>
    <line>
      <![CDATA[Hat's price is: 11.99€]]>
    </line>
    <line>
      <![CDATA[Add item(s) to cart!]]>
    </line>
    <line>
      <![CDATA[Add item(s) to cart!]]>
    </line>
    <line>
      <![CDATA[There is a total of : 3 items in the cart.]]>
    </line>
    <line>
      <![CDATA[There is a total of : 3 items in the cart.]]>
    </line>
    <line>
      <![CDATA[Total price in cart is : 37.89€]]>
    </line>
    <line>
      <![CDATA[Total price in cart is : 35.97€]]>
    </line>
    <line>
      <![CDATA[Same hat for men and women have been selected]]>
    </line>
    <line>
      <![CDATA[Change item's quantity from 2 to 1.]]>
    </line>
    <line>
      <![CDATA[There is a total of : 2 items in the cart.]]>
    </line>
    <line>
      <![CDATA[Total price in cart is : 24.94€]]>
    </line>
    <line>
      <![CDATA[There is a total of : 2 items in the cart.]]>
    </line>
    <line>
      <![CDATA[Total price in cart is : 23.98€]]>
    </line>
  </reporter-output>
  <suite started-at="2021-04-08T15:52:48Z" name="WithCsvTestSuite" finished-at="2021-04-08T15:53:24Z" duration-ms="35844">
    <groups>
    </groups>
    <test started-at="2021-04-08T15:52:48Z" name="AutomationExerciseUsingChrome" finished-at="2021-04-08T15:53:24Z" duration-ms="35374">
      <class name="com.amazon.automationExercice.AutomationExerciceWithCSV">
        <test-method is-config="true" signature="setup(java.lang.reflect.Method, java.lang.String, org.testng.ITestContext)[pri:0, instance:com.amazon.automationExercice.AutomationExerciceWithCSV@1787bc24]" started-at="2021-04-08T15:52:49Z" name="setup" finished-at="2021-04-08T15:52:51Z" duration-ms="1761" status="PASS">
          <params>
            <param index="0">
              <value>
                <![CDATA[public void com.amazon.automationExercice.AutomationExerciceWithCSV.scenarioUsingCsv(java.util.Map)]]>
              </value>
            </param>
            <param index="1">
              <value>
                <![CDATA[chrome]]>
              </value>
            </param>
            <param index="2">
              <value>
                <![CDATA[org.testng.TestRunner@8e50104]]>
              </value>
            </param>
          </params>
          <reporter-output>
            <line>
              <![CDATA[Create driver: chrome]]>
            </line>
          </reporter-output>
        </test-method> <!-- setup -->
        <test-method signature="scenarioUsingCsv(java.util.Map)[pri:0, instance:com.amazon.automationExercice.AutomationExerciceWithCSV@1787bc24]" started-at="2021-04-08T15:52:51Z" name="scenarioUsingCsv" data-provider="csvReader" finished-at="2021-04-08T15:53:23Z" duration-ms="32332" status="PASS">
          <params>
            <param index="0">
              <value>
                <![CDATA[{number=1, secondItem=hats for women, quantity1=2, quantity2=1, firstItem=hats for men}]]>
              </value>
            </param>
          </params>
          <reporter-output>
            <line>
              <![CDATA[Starting test #1]]>
            </line>
            <line>
              <![CDATA[Opening page: https://www.amazon.com/]]>
            </line>
            <line>
              <![CDATA[Page opened!]]>
            </line>
            <line>
              <![CDATA[Searching for item: 'hats for men'.]]>
            </line>
            <line>
              <![CDATA[Hat has only one size!]]>
            </line>
            <line>
              <![CDATA[Hat's price is: 12.95€]]>
            </line>
            <line>
              <![CDATA[Add item(s) to cart!]]>
            </line>
            <line>
              <![CDATA[There is a total of : 2 items in the cart.]]>
            </line>
            <line>
              <![CDATA[Total price in cart is : 25.90€]]>
            </line>
            <line>
              <![CDATA[Searching for item: 'hats for women'.]]>
            </line>
            <line>
              <![CDATA[Hat has only one size!]]>
            </line>
            <line>
              <![CDATA[Hat's price is: 11.99€]]>
            </line>
            <line>
              <![CDATA[Add item(s) to cart!]]>
            </line>
            <line>
              <![CDATA[There is a total of : 3 items in the cart.]]>
            </line>
            <line>
              <![CDATA[Total price in cart is : 37.89€]]>
            </line>
            <line>
              <![CDATA[Change item's quantity from 2 to 1.]]>
            </line>
            <line>
              <![CDATA[There is a total of : 2 items in the cart.]]>
            </line>
            <line>
              <![CDATA[Total price in cart is : 24.94€]]>
            </line>
          </reporter-output>
        </test-method> <!-- scenarioUsingCsv -->
        <test-method is-config="true" signature="takeScreenshot(org.testng.ITestResult)[pri:0, instance:com.amazon.automationExercice.AutomationExerciceWithCSV@1787bc24]" started-at="2021-04-08T15:53:23Z" name="takeScreenshot" finished-at="2021-04-08T15:53:23Z" duration-ms="0" status="PASS">
          <params>
            <param index="0">
              <value>
                <![CDATA[[TestResult name=scenarioUsingCsv status=SUCCESS method=AutomationExerciceWithCSV.scenarioUsingCsv(java.util.Map)[pri:0, instance:com.amazon.automationExercice.AutomationExerciceWithCSV@1787bc24] output=Starting test #1]]]>
              </value>
            </param>
          </params>
          <reporter-output>
          </reporter-output>
        </test-method> <!-- takeScreenshot -->
        <test-method is-config="true" signature="tearDown()[pri:0, instance:com.amazon.automationExercice.AutomationExerciceWithCSV@1787bc24]" started-at="2021-04-08T15:53:23Z" name="tearDown" finished-at="2021-04-08T15:53:24Z" duration-ms="706" status="PASS">
          <reporter-output>
          </reporter-output>
        </test-method> <!-- tearDown -->
      </class> <!-- com.amazon.automationExercice.AutomationExerciceWithCSV -->
    </test> <!-- AutomationExerciseUsingChrome -->
    <test started-at="2021-04-08T15:52:48Z" name="AutomationExerciseUsingFirefox" finished-at="2021-04-08T15:53:24Z" duration-ms="35844">
      <class name="com.amazon.automationExercice.AutomationExerciceWithCSV">
        <test-method is-config="true" signature="setup(java.lang.reflect.Method, java.lang.String, org.testng.ITestContext)[pri:0, instance:com.amazon.automationExercice.AutomationExerciceWithCSV@6e15fe2]" started-at="2021-04-08T15:52:49Z" name="setup" finished-at="2021-04-08T15:52:51Z" duration-ms="1958" status="PASS">
          <params>
            <param index="0">
              <value>
                <![CDATA[public void com.amazon.automationExercice.AutomationExerciceWithCSV.scenarioUsingCsv(java.util.Map)]]>
              </value>
            </param>
            <param index="1">
              <value>
                <![CDATA[chrome]]>
              </value>
            </param>
            <param index="2">
              <value>
                <![CDATA[org.testng.TestRunner@79dc5318]]>
              </value>
            </param>
          </params>
          <reporter-output>
            <line>
              <![CDATA[Create driver: chrome]]>
            </line>
          </reporter-output>
        </test-method> <!-- setup -->
        <test-method signature="scenarioUsingCsv(java.util.Map)[pri:0, instance:com.amazon.automationExercice.AutomationExerciceWithCSV@6e15fe2]" started-at="2021-04-08T15:52:51Z" name="scenarioUsingCsv" data-provider="csvReader" finished-at="2021-04-08T15:53:23Z" duration-ms="32812" status="PASS">
          <params>
            <param index="0">
              <value>
                <![CDATA[{number=1, secondItem=hats for women, quantity1=2, quantity2=1, firstItem=hats for men}]]>
              </value>
            </param>
          </params>
          <reporter-output>
            <line>
              <![CDATA[Starting test #1]]>
            </line>
            <line>
              <![CDATA[Opening page: https://www.amazon.com/]]>
            </line>
            <line>
              <![CDATA[Page opened!]]>
            </line>
            <line>
              <![CDATA[Searching for item: 'hats for men'.]]>
            </line>
            <line>
              <![CDATA[Hat has only one size!]]>
            </line>
            <line>
              <![CDATA[Hat's price is: 11.99€]]>
            </line>
            <line>
              <![CDATA[Add item(s) to cart!]]>
            </line>
            <line>
              <![CDATA[There is a total of : 2 items in the cart.]]>
            </line>
            <line>
              <![CDATA[Total price in cart is : 23.98€]]>
            </line>
            <line>
              <![CDATA[Searching for item: 'hats for women'.]]>
            </line>
            <line>
              <![CDATA[Hat has only one size!]]>
            </line>
            <line>
              <![CDATA[Hat's price is: 11.99€]]>
            </line>
            <line>
              <![CDATA[Add item(s) to cart!]]>
            </line>
            <line>
              <![CDATA[There is a total of : 3 items in the cart.]]>
            </line>
            <line>
              <![CDATA[Total price in cart is : 35.97€]]>
            </line>
            <line>
              <![CDATA[Same hat for men and women have been selected]]>
            </line>
            <line>
              <![CDATA[There is a total of : 2 items in the cart.]]>
            </line>
            <line>
              <![CDATA[Total price in cart is : 23.98€]]>
            </line>
          </reporter-output>
        </test-method> <!-- scenarioUsingCsv -->
        <test-method is-config="true" signature="tearDown()[pri:0, instance:com.amazon.automationExercice.AutomationExerciceWithCSV@6e15fe2]" started-at="2021-04-08T15:53:23Z" name="tearDown" finished-at="2021-04-08T15:53:24Z" duration-ms="699" status="PASS">
          <reporter-output>
          </reporter-output>
        </test-method> <!-- tearDown -->
        <test-method is-config="true" signature="takeScreenshot(org.testng.ITestResult)[pri:0, instance:com.amazon.automationExercice.AutomationExerciceWithCSV@6e15fe2]" started-at="2021-04-08T15:53:23Z" name="takeScreenshot" finished-at="2021-04-08T15:53:23Z" duration-ms="0" status="PASS">
          <params>
            <param index="0">
              <value>
                <![CDATA[[TestResult name=scenarioUsingCsv status=SUCCESS method=AutomationExerciceWithCSV.scenarioUsingCsv(java.util.Map)[pri:0, instance:com.amazon.automationExercice.AutomationExerciceWithCSV@6e15fe2] output=Starting test #1]]]>
              </value>
            </param>
          </params>
          <reporter-output>
          </reporter-output>
        </test-method> <!-- takeScreenshot -->
      </class> <!-- com.amazon.automationExercice.AutomationExerciceWithCSV -->
    </test> <!-- AutomationExerciseUsingFirefox -->
  </suite> <!-- WithCsvTestSuite -->
</testng-results>
